Started GET "/pacientes/sign_up" for 127.0.0.1 at 2024-02-20 11:52:03 -0300
Processing by Devise::RegistrationsController#new as HTML
  Rendering layout layouts/application.html.erb
  Rendering C:/Ruby32-x64/lib/ruby/gems/3.2.0/gems/devise-4.9.3/app/views/devise/registrations/new.html.erb within layouts/application
  Rendered C:/Ruby32-x64/lib/ruby/gems/3.2.0/gems/devise-4.9.3/app/views/devise/shared/_error_messages.html.erb (Duration: 1.4ms | Allocations: 14)
  Rendered C:/Ruby32-x64/lib/ruby/gems/3.2.0/gems/devise-4.9.3/app/views/devise/shared/_links.html.erb (Duration: 1.2ms | Allocations: 78)
  Rendered C:/Ruby32-x64/lib/ruby/gems/3.2.0/gems/devise-4.9.3/app/views/devise/registrations/new.html.erb within layouts/application (Duration: 41.5ms | Allocations: 1176)
  Rendered layout layouts/application.html.erb (Duration: 77.7ms | Allocations: 2721)
Completed 200 OK in 147ms (Views: 99.2ms | ActiveRecord: 0.0ms | Allocations: 3291)


Started GET "/pacientes/sign_up" for 127.0.0.1 at 2024-02-20 11:52:04 -0300
Processing by Devise::RegistrationsController#new as HTML
  Rendering layout layouts/application.html.erb
  Rendering C:/Ruby32-x64/lib/ruby/gems/3.2.0/gems/devise-4.9.3/app/views/devise/registrations/new.html.erb within layouts/application
  Rendered C:/Ruby32-x64/lib/ruby/gems/3.2.0/gems/devise-4.9.3/app/views/devise/shared/_error_messages.html.erb (Duration: 0.0ms | Allocations: 14)
  Rendered C:/Ruby32-x64/lib/ruby/gems/3.2.0/gems/devise-4.9.3/app/views/devise/shared/_links.html.erb (Duration: 0.1ms | Allocations: 78)
  Rendered C:/Ruby32-x64/lib/ruby/gems/3.2.0/gems/devise-4.9.3/app/views/devise/registrations/new.html.erb within layouts/application (Duration: 2.6ms | Allocations: 1176)
  Rendered layout layouts/application.html.erb (Duration: 30.5ms | Allocations: 2721)
Completed 200 OK in 44ms (Views: 32.4ms | ActiveRecord: 0.0ms | Allocations: 3291)


Started POST "/pacientes" for 127.0.0.1 at 2024-02-20 11:52:20 -0300
Processing by Devise::RegistrationsController#create as HTML
  Parameters: {"authenticity_token"=>"[FILTERED]", "paciente"=>{"email"=>"anacastro@gmail.com", "password"=>"[FILTERED]", "password_confirmation"=>"[FILTERED]"}, "commit"=>"Sign up"}
  [1m[36mTRANSACTION (0.3ms)[0m  [1m[35mBEGIN[0m
  [1m[36mPaciente Exists? (7.0ms)[0m  [1m[34mSELECT 1 AS one FROM "pacientes" WHERE "pacientes"."email" = $1 LIMIT $2[0m  [["email", "anacastro@gmail.com"], ["LIMIT", 1]]
  [1m[36mPaciente Exists? (0.5ms)[0m  [1m[34mSELECT 1 AS one FROM "pacientes" WHERE "pacientes"."cpf" IS NULL LIMIT $1[0m  [["LIMIT", 1]]
  [1m[36mCACHE Paciente Exists? (0.0ms)[0m  [1m[34mSELECT 1 AS one FROM "pacientes" WHERE "pacientes"."email" = $1 LIMIT $2[0m  [["email", "anacastro@gmail.com"], ["LIMIT", 1]]
  [1m[36mTRANSACTION (0.4ms)[0m  [1m[31mROLLBACK[0m
  Rendering layout layouts/application.html.erb
  Rendering C:/Ruby32-x64/lib/ruby/gems/3.2.0/gems/devise-4.9.3/app/views/devise/registrations/new.html.erb within layouts/application
  Rendered C:/Ruby32-x64/lib/ruby/gems/3.2.0/gems/devise-4.9.3/app/views/devise/shared/_error_messages.html.erb (Duration: 10.0ms | Allocations: 3409)
  Rendered C:/Ruby32-x64/lib/ruby/gems/3.2.0/gems/devise-4.9.3/app/views/devise/shared/_links.html.erb (Duration: 0.2ms | Allocations: 78)
  Rendered C:/Ruby32-x64/lib/ruby/gems/3.2.0/gems/devise-4.9.3/app/views/devise/registrations/new.html.erb within layouts/application (Duration: 14.4ms | Allocations: 4637)
  Rendered layout layouts/application.html.erb (Duration: 20.4ms | Allocations: 6174)
Completed 422 Unprocessable Entity in 484ms (Views: 21.9ms | ActiveRecord: 24.8ms | Allocations: 16819)


